# JRE version: Java(TM) SE Runtime Environment (8.0_45-b14) (build 1.8.0_45-b14)
# Java VM: Java HotSpot(TM) 64-Bit Server VM (25.45-b02 mixed mode windows-amd64 compressed oops)
Heap:
 PSYoungGen      total 664576K, used 346677K [0x00000000d5580000, 0x0000000100000000, 0x0000000100000000)
  eden space 628224K, 54% used [0x00000000d5580000,0x00000000ea47d6d8,0x00000000fbb00000)
  from space 36352K, 10% used [0x00000000fdc80000,0x00000000fe010000,0x0000000100000000)
  to   space 34304K, 0% used [0x00000000fbb00000,0x00000000fbb00000,0x00000000fdc80000)
 ParOldGen       total 1398272K, used 220039K [0x0000000080000000, 0x00000000d5580000, 0x00000000d5580000)
  object space 1398272K, 15% used [0x0000000080000000,0x000000008d6e1e18,0x00000000d5580000)
 Metaspace       used 55244K, capacity 62386K, committed 62592K, reserved 1101824K
  class space    used 8473K, capacity 10315K, committed 10368K, reserved 1048576K
GC Heap History (10 events):
Event: 40.741 GC heap before
{Heap before GC invocations=107 (full 3):
 PSYoungGen      total 651264K, used 607040K [0x00000000d5580000, 0x0000000100000000, 0x0000000100000000)
  eden space 605184K, 100% used [0x00000000d5580000,0x00000000fa480000,0x00000000fa480000)
  from space 46080K, 4% used [0x00000000fa480000,0x00000000fa650000,0x00000000fd180000)
  to   space 44544K, 0% used [0x00000000fd480000,0x00000000fd480000,0x0000000100000000)
 ParOldGen       total 1398272K, used 220031K [0x0000000080000000, 0x00000000d5580000, 0x00000000d5580000)
  object space 1398272K, 15% used [0x0000000080000000,0x000000008d6dfe18,0x00000000d5580000)
 Metaspace       used 52424K, capacity 59176K, committed 59392K, reserved 1099776K
  class space    used 7999K, capacity 9696K, committed 9728K, reserved 1048576K
Event: 40.746 GC heap after
Heap after GC invocations=107 (full 3):
 PSYoungGen      total 656384K, used 2112K [0x00000000d5580000, 0x0000000100000000, 0x0000000100000000)
  eden space 611840K, 0% used [0x00000000d5580000,0x00000000d5580000,0x00000000fab00000)
  from space 44544K, 4% used [0x00000000fd480000,0x00000000fd690000,0x0000000100000000)
  to   space 42496K, 0% used [0x00000000fab00000,0x00000000fab00000,0x00000000fd480000)
 ParOldGen       total 1398272K, used 220031K [0x0000000080000000, 0x00000000d5580000, 0x00000000d5580000)
  object space 1398272K, 15% used [0x0000000080000000,0x000000008d6dfe18,0x00000000d5580000)
 Metaspace       used 52424K, capacity 59176K, committed 59392K, reserved 1099776K
  class space    used 7999K, capacity 9696K, committed 9728K, reserved 1048576K
}
Event: 41.014 GC heap before
{Heap before GC invocations=108 (full 3):
 PSYoungGen      total 656384K, used 613952K [0x00000000d5580000, 0x0000000100000000, 0x0000000100000000)
  eden space 611840K, 100% used [0x00000000d5580000,0x00000000fab00000,0x00000000fab00000)
  from space 44544K, 4% used [0x00000000fd480000,0x00000000fd690000,0x0000000100000000)
  to   space 42496K, 0% used [0x00000000fab00000,0x00000000fab00000,0x00000000fd480000)
 ParOldGen       total 1398272K, used 220031K [0x0000000080000000, 0x00000000d5580000, 0x00000000d5580000)
  object space 1398272K, 15% used [0x0000000080000000,0x000000008d6dfe18,0x00000000d5580000)
 Metaspace       used 52434K, capacity 59180K, committed 59392K, reserved 1099776K
  class space    used 7999K, capacity 9696K, committed 9728K, reserved 1048576K
Event: 41.019 GC heap after
Heap after GC invocations=108 (full 3):
 PSYoungGen      total 654336K, used 2400K [0x00000000d5580000, 0x0000000100000000, 0x0000000100000000)
  eden space 611840K, 0% used [0x00000000d5580000,0x00000000d5580000,0x00000000fab00000)
  from space 42496K, 5% used [0x00000000fab00000,0x00000000fad58000,0x00000000fd480000)
  to   space 40448K, 0% used [0x00000000fd880000,0x00000000fd880000,0x0000000100000000)
 ParOldGen       total 1398272K, used 220031K [0x0000000080000000, 0x00000000d5580000, 0x00000000d5580000)
  object space 1398272K, 15% used [0x0000000080000000,0x000000008d6dfe18,0x00000000d5580000)
 Metaspace       used 52434K, capacity 59180K, committed 59392K, reserved 1099776K
  class space    used 7999K, capacity 9696K, committed 9728K, reserved 1048576K
}
Event: 41.297 GC heap before
{Heap before GC invocations=109 (full 3):
 PSYoungGen      total 654336K, used 614240K [0x00000000d5580000, 0x0000000100000000, 0x0000000100000000)
  eden space 611840K, 100% used [0x00000000d5580000,0x00000000fab00000,0x00000000fab00000)
  from space 42496K, 5% used [0x00000000fab00000,0x00000000fad58000,0x00000000fd480000)
  to   space 40448K, 0% used [0x00000000fd880000,0x00000000fd880000,0x0000000100000000)
 ParOldGen       total 1398272K, used 220031K [0x0000000080000000, 0x00000000d5580000, 0x00000000d5580000)
  object space 1398272K, 15% used [0x0000000080000000,0x000000008d6dfe18,0x00000000d5580000)
 Metaspace       used 52436K, capacity 59180K, committed 59392K, reserved 1099776K
  class space    used 7999K, capacity 9696K, committed 9728K, reserved 1048576K
Event: 41.303 GC heap after
Heap after GC invocations=109 (full 3):
 PSYoungGen      total 660480K, used 2784K [0x00000000d5580000, 0x0000000100000000, 0x0000000100000000)
  eden space 620032K, 0% used [0x00000000d5580000,0x00000000d5580000,0x00000000fb300000)
  from space 40448K, 6% used [0x00000000fd880000,0x00000000fdb38000,0x0000000100000000)
  to   space 38400K, 0% used [0x00000000fb300000,0x00000000fb300000,0x00000000fd880000)
 ParOldGen       total 1398272K, used 220031K [0x0000000080000000, 0x00000000d5580000, 0x00000000d5580000)
  object space 1398272K, 15% used [0x0000000080000000,0x000000008d6dfe18,0x00000000d5580000)
 Metaspace       used 52436K, capacity 59180K, committed 59392K, reserved 1099776K
  class space    used 7999K, capacity 9696K, committed 9728K, reserved 1048576K
}
Event: 41.740 GC heap before
{Heap before GC invocations=110 (full 3):
 PSYoungGen      total 660480K, used 622816K [0x00000000d5580000, 0x0000000100000000, 0x0000000100000000)
  eden space 620032K, 100% used [0x00000000d5580000,0x00000000fb300000,0x00000000fb300000)
  from space 40448K, 6% used [0x00000000fd880000,0x00000000fdb38000,0x0000000100000000)
  to   space 38400K, 0% used [0x00000000fb300000,0x00000000fb300000,0x00000000fd880000)
 ParOldGen       total 1398272K, used 220031K [0x0000000080000000, 0x00000000d5580000, 0x00000000d5580000)
  object space 1398272K, 15% used [0x0000000080000000,0x000000008d6dfe18,0x00000000d5580000)
 Metaspace       used 52450K, capacity 59180K, committed 59392K, reserved 1099776K
  class space    used 7999K, capacity 9696K, committed 9728K, reserved 1048576K
Event: 41.745 GC heap after
Heap after GC invocations=110 (full 3):
 PSYoungGen      total 658432K, used 3136K [0x00000000d5580000, 0x0000000100000000, 0x0000000100000000)
  eden space 620032K, 0% used [0x00000000d5580000,0x00000000d5580000,0x00000000fb300000)
  from space 38400K, 8% used [0x00000000fb300000,0x00000000fb610000,0x00000000fd880000)
  to   space 36352K, 0% used [0x00000000fdc80000,0x00000000fdc80000,0x0000000100000000)
 ParOldGen       total 1398272K, used 220039K [0x0000000080000000, 0x00000000d5580000, 0x00000000d5580000)
  object space 1398272K, 15% used [0x0000000080000000,0x000000008d6e1e18,0x00000000d5580000)
 Metaspace       used 52450K, capacity 59180K, committed 59392K, reserved 1099776K
  class space    used 7999K, capacity 9696K, committed 9728K, reserved 1048576K
}
Event: 42.061 GC heap before
{Heap before GC invocations=111 (full 3):
 PSYoungGen      total 658432K, used 623168K [0x00000000d5580000, 0x0000000100000000, 0x0000000100000000)
  eden space 620032K, 100% used [0x00000000d5580000,0x00000000fb300000,0x00000000fb300000)
  from space 38400K, 8% used [0x00000000fb300000,0x00000000fb610000,0x00000000fd880000)
  to   space 36352K, 0% used [0x00000000fdc80000,0x00000000fdc80000,0x0000000100000000)
 ParOldGen       total 1398272K, used 220039K [0x0000000080000000, 0x00000000d5580000, 0x00000000d5580000)
  object space 1398272K, 15% used [0x0000000080000000,0x000000008d6e1e18,0x00000000d5580000)
 Metaspace       used 52475K, capacity 59262K, committed 59392K, reserved 1099776K
  class space    used 7999K, capacity 9697K, committed 9728K, reserved 1048576K
Event: 42.066 GC heap after
Heap after GC invocations=111 (full 3):
 PSYoungGen      total 664576K, used 3648K [0x00000000d5580000, 0x0000000100000000, 0x0000000100000000)
  eden space 628224K, 0% used [0x00000000d5580000,0x00000000d5580000,0x00000000fbb00000)
  from space 36352K, 10% used [0x00000000fdc80000,0x00000000fe010000,0x0000000100000000)
  to   space 34304K, 0% used [0x00000000fbb00000,0x00000000fbb00000,0x00000000fdc80000)
 ParOldGen       total 1398272K, used 220039K [0x0000000080000000, 0x00000000d5580000, 0x00000000d5580000)
  object space 1398272K, 15% used [0x0000000080000000,0x000000008d6e1e18,0x00000000d5580000)
 Metaspace       used 52475K, capacity 59262K, committed 59392K, reserved 1099776K
  class space    used 7999K, capacity 9697K, committed 9728K, reserved 1048576K
}

