# JRE version: Java(TM) SE Runtime Environment (8.0_45-b14) (build 1.8.0_45-b14)
# Java VM: Java HotSpot(TM) 64-Bit Server VM (25.45-b02 mixed mode windows-amd64 compressed oops)
Heap:
 PSYoungGen      total 331776K, used 37631K [0x00000000eab00000, 0x0000000100000000, 0x0000000100000000)
  eden space 320512K, 8% used [0x00000000eab00000,0x00000000ec4c3b90,0x00000000fe400000)
  from space 11264K, 99% used [0x00000000ff500000,0x00000000ffffc118,0x0000000100000000)
  to   space 14336K, 0% used [0x00000000fe400000,0x00000000fe400000,0x00000000ff200000)
 ParOldGen       total 699392K, used 259049K [0x00000000c0000000, 0x00000000eab00000, 0x00000000eab00000)
  object space 699392K, 37% used [0x00000000c0000000,0x00000000cfcfa5c0,0x00000000eab00000)
 Metaspace       used 57533K, capacity 65277K, committed 65432K, reserved 1103872K
  class space    used 8635K, capacity 10542K, committed 10648K, reserved 1048576K
GC Heap History (10 events):
Event: 416.472 GC heap before
{Heap before GC invocations=247 (full 3):
 PSYoungGen      total 333824K, used 323808K [0x00000000eab00000, 0x0000000100000000, 0x0000000100000000)
  eden space 319488K, 100% used [0x00000000eab00000,0x00000000fe300000,0x00000000fe300000)
  from space 14336K, 30% used [0x00000000fe300000,0x00000000fe738110,0x00000000ff100000)
  to   space 13824K, 0% used [0x00000000ff280000,0x00000000ff280000,0x0000000100000000)
 ParOldGen       total 699392K, used 255103K [0x00000000c0000000, 0x00000000eab00000, 0x00000000eab00000)
  object space 699392K, 36% used [0x00000000c0000000,0x00000000cf91fec8,0x00000000eab00000)
 Metaspace       used 57467K, capacity 65151K, committed 65432K, reserved 1103872K
  class space    used 8634K, capacity 10541K, committed 10648K, reserved 1048576K
Event: 416.477 GC heap after
Heap after GC invocations=247 (full 3):
 PSYoungGen      total 335872K, used 4224K [0x00000000eab00000, 0x0000000100000000, 0x0000000100000000)
  eden space 322048K, 0% used [0x00000000eab00000,0x00000000eab00000,0x00000000fe580000)
  from space 13824K, 30% used [0x00000000ff280000,0x00000000ff6a0100,0x0000000100000000)
  to   space 13312K, 0% used [0x00000000fe580000,0x00000000fe580000,0x00000000ff280000)
 ParOldGen       total 699392K, used 255183K [0x00000000c0000000, 0x00000000eab00000, 0x00000000eab00000)
  object space 699392K, 36% used [0x00000000c0000000,0x00000000cf933ec8,0x00000000eab00000)
 Metaspace       used 57467K, capacity 65151K, committed 65432K, reserved 1103872K
  class space    used 8634K, capacity 10541K, committed 10648K, reserved 1048576K
}
Event: 422.224 GC heap before
{Heap before GC invocations=248 (full 3):
 PSYoungGen      total 335872K, used 326272K [0x00000000eab00000, 0x0000000100000000, 0x0000000100000000)
  eden space 322048K, 100% used [0x00000000eab00000,0x00000000fe580000,0x00000000fe580000)
  from space 13824K, 30% used [0x00000000ff280000,0x00000000ff6a0100,0x0000000100000000)
  to   space 13312K, 0% used [0x00000000fe580000,0x00000000fe580000,0x00000000ff280000)
 ParOldGen       total 699392K, used 255183K [0x00000000c0000000, 0x00000000eab00000, 0x00000000eab00000)
  object space 699392K, 36% used [0x00000000c0000000,0x00000000cf933ec8,0x00000000eab00000)
 Metaspace       used 57497K, capacity 65249K, committed 65432K, reserved 1103872K
  class space    used 8635K, capacity 10542K, committed 10648K, reserved 1048576K
Event: 422.230 GC heap after
Heap after GC invocations=248 (full 3):
 PSYoungGen      total 335360K, used 5104K [0x00000000eab00000, 0x0000000100000000, 0x0000000100000000)
  eden space 322048K, 0% used [0x00000000eab00000,0x00000000eab00000,0x00000000fe580000)
  from space 13312K, 38% used [0x00000000fe580000,0x00000000fea7c0f8,0x00000000ff280000)
  to   space 12800K, 0% used [0x00000000ff380000,0x00000000ff380000,0x0000000100000000)
 ParOldGen       total 699392K, used 255263K [0x00000000c0000000, 0x00000000eab00000, 0x00000000eab00000)
  object space 699392K, 36% used [0x00000000c0000000,0x00000000cf947ed8,0x00000000eab00000)
 Metaspace       used 57497K, capacity 65249K, committed 65432K, reserved 1103872K
  class space    used 8635K, capacity 10542K, committed 10648K, reserved 1048576K
}
Event: 428.925 GC heap before
{Heap before GC invocations=249 (full 3):
 PSYoungGen      total 335360K, used 327152K [0x00000000eab00000, 0x0000000100000000, 0x0000000100000000)
  eden space 322048K, 100% used [0x00000000eab00000,0x00000000fe580000,0x00000000fe580000)
  from space 13312K, 38% used [0x00000000fe580000,0x00000000fea7c0f8,0x00000000ff280000)
  to   space 12800K, 0% used [0x00000000ff380000,0x00000000ff380000,0x0000000100000000)
 ParOldGen       total 699392K, used 255263K [0x00000000c0000000, 0x00000000eab00000, 0x00000000eab00000)
  object space 699392K, 36% used [0x00000000c0000000,0x00000000cf947ed8,0x00000000eab00000)
 Metaspace       used 57502K, capacity 65249K, committed 65432K, reserved 1103872K
  class space    used 8635K, capacity 10542K, committed 10648K, reserved 1048576K
Event: 428.934 GC heap after
Heap after GC invocations=249 (full 3):
 PSYoungGen      total 336896K, used 5136K [0x00000000eab00000, 0x0000000100000000, 0x0000000100000000)
  eden space 324096K, 0% used [0x00000000eab00000,0x00000000eab00000,0x00000000fe780000)
  from space 12800K, 40% used [0x00000000ff380000,0x00000000ff884118,0x0000000100000000)
  to   space 12288K, 0% used [0x00000000fe780000,0x00000000fe780000,0x00000000ff380000)
 ParOldGen       total 699392K, used 255319K [0x00000000c0000000, 0x00000000eab00000, 0x00000000eab00000)
  object space 699392K, 36% used [0x00000000c0000000,0x00000000cf955ed8,0x00000000eab00000)
 Metaspace       used 57502K, capacity 65249K, committed 65432K, reserved 1103872K
  class space    used 8635K, capacity 10542K, committed 10648K, reserved 1048576K
}
Event: 435.572 GC heap before
{Heap before GC invocations=250 (full 3):
 PSYoungGen      total 336896K, used 329232K [0x00000000eab00000, 0x0000000100000000, 0x0000000100000000)
  eden space 324096K, 100% used [0x00000000eab00000,0x00000000fe780000,0x00000000fe780000)
  from space 12800K, 40% used [0x00000000ff380000,0x00000000ff884118,0x0000000100000000)
  to   space 12288K, 0% used [0x00000000fe780000,0x00000000fe780000,0x00000000ff380000)
 ParOldGen       total 699392K, used 255319K [0x00000000c0000000, 0x00000000eab00000, 0x00000000eab00000)
  object space 699392K, 36% used [0x00000000c0000000,0x00000000cf955ed8,0x00000000eab00000)
 Metaspace       used 57520K, capacity 65249K, committed 65432K, reserved 1103872K
  class space    used 8635K, capacity 10542K, committed 10648K, reserved 1048576K
Event: 435.581 GC heap after
Heap after GC invocations=250 (full 3):
 PSYoungGen      total 336384K, used 5152K [0x00000000eab00000, 0x0000000100000000, 0x0000000100000000)
  eden space 324096K, 0% used [0x00000000eab00000,0x00000000eab00000,0x00000000fe780000)
  from space 12288K, 41% used [0x00000000fe780000,0x00000000fec88150,0x00000000ff380000)
  to   space 11264K, 0% used [0x00000000ff500000,0x00000000ff500000,0x0000000100000000)
 ParOldGen       total 699392K, used 255431K [0x00000000c0000000, 0x00000000eab00000, 0x00000000eab00000)
  object space 699392K, 36% used [0x00000000c0000000,0x00000000cf971ed8,0x00000000eab00000)
 Metaspace       used 57520K, capacity 65249K, committed 65432K, reserved 1103872K
  class space    used 8635K, capacity 10542K, committed 10648K, reserved 1048576K
}
Event: 442.192 GC heap before
{Heap before GC invocations=251 (full 3):
 PSYoungGen      total 336384K, used 329248K [0x00000000eab00000, 0x0000000100000000, 0x0000000100000000)
  eden space 324096K, 100% used [0x00000000eab00000,0x00000000fe780000,0x00000000fe780000)
  from space 12288K, 41% used [0x00000000fe780000,0x00000000fec88150,0x00000000ff380000)
  to   space 11264K, 0% used [0x00000000ff500000,0x00000000ff500000,0x0000000100000000)
 ParOldGen       total 699392K, used 255431K [0x00000000c0000000, 0x00000000eab00000, 0x00000000eab00000)
  object space 699392K, 36% used [0x00000000c0000000,0x00000000cf971ed8,0x00000000eab00000)
 Metaspace       used 57533K, capacity 65277K, committed 65432K, reserved 1103872K
  class space    used 8635K, capacity 10542K, committed 10648K, reserved 1048576K
Event: 442.201 GC heap after
Heap after GC invocations=251 (full 3):
 PSYoungGen      total 331776K, used 11248K [0x00000000eab00000, 0x0000000100000000, 0x0000000100000000)
  eden space 320512K, 0% used [0x00000000eab00000,0x00000000eab00000,0x00000000fe400000)
  from space 11264K, 99% used [0x00000000ff500000,0x00000000ffffc118,0x0000000100000000)
  to   space 14336K, 0% used [0x00000000fe400000,0x00000000fe400000,0x00000000ff200000)
 ParOldGen       total 699392K, used 259049K [0x00000000c0000000, 0x00000000eab00000, 0x00000000eab00000)
  object space 699392K, 37% used [0x00000000c0000000,0x00000000cfcfa5c0,0x00000000eab00000)
 Metaspace       used 57533K, capacity 65277K, committed 65432K, reserved 1103872K
  class space    used 8635K, capacity 10542K, committed 10648K, reserved 1048576K
}

