# JRE version: Java(TM) SE Runtime Environment (8.0_45-b14) (build 1.8.0_45-b14)
# Java VM: Java HotSpot(TM) 64-Bit Server VM (25.45-b02 mixed mode windows-amd64 compressed oops)
Heap:
 PSYoungGen      total 676352K, used 173940K [0x00000000d5580000, 0x0000000100000000, 0x0000000100000000)
  eden space 656896K, 24% used [0x00000000d5580000,0x00000000df0ee5b8,0x00000000fd700000)
  from space 19456K, 75% used [0x00000000fed00000,0x00000000ffb6ea98,0x0000000100000000)
  to   space 20992K, 0% used [0x00000000fd700000,0x00000000fd700000,0x00000000feb80000)
 ParOldGen       total 1398272K, used 220732K [0x0000000080000000, 0x00000000d5580000, 0x00000000d5580000)
  object space 1398272K, 15% used [0x0000000080000000,0x000000008d78f058,0x00000000d5580000)
 Metaspace       used 56190K, capacity 63612K, committed 63768K, reserved 1101824K
  class space    used 8552K, capacity 10432K, committed 10536K, reserved 1048576K
GC Heap History (10 events):
Event: 37.326 GC heap before
{Heap before GC invocations=113 (full 3):
 PSYoungGen      total 675328K, used 656384K [0x00000000d5580000, 0x0000000100000000, 0x0000000100000000)
  eden space 652800K, 100% used [0x00000000d5580000,0x00000000fd300000,0x00000000fd300000)
  from space 22528K, 15% used [0x00000000fd300000,0x00000000fd680000,0x00000000fe900000)
  to   space 22016K, 0% used [0x00000000fea80000,0x00000000fea80000,0x0000000100000000)
 ParOldGen       total 1398272K, used 219188K [0x0000000080000000, 0x00000000d5580000, 0x00000000d5580000)
  object space 1398272K, 15% used [0x0000000080000000,0x000000008d60d058,0x00000000d5580000)
 Metaspace       used 52527K, capacity 59304K, committed 59416K, reserved 1099776K
  class space    used 8008K, capacity 9732K, committed 9768K, reserved 1048576K
Event: 37.334 GC heap after
Heap after GC invocations=113 (full 3):
 PSYoungGen      total 677376K, used 2976K [0x00000000d5580000, 0x0000000100000000, 0x0000000100000000)
  eden space 655360K, 0% used [0x00000000d5580000,0x00000000d5580000,0x00000000fd580000)
  from space 22016K, 13% used [0x00000000fea80000,0x00000000fed68000,0x0000000100000000)
  to   space 21504K, 0% used [0x00000000fd580000,0x00000000fd580000,0x00000000fea80000)
 ParOldGen       total 1398272K, used 220068K [0x0000000080000000, 0x00000000d5580000, 0x00000000d5580000)
  object space 1398272K, 15% used [0x0000000080000000,0x000000008d6e9058,0x00000000d5580000)
 Metaspace       used 52527K, capacity 59304K, committed 59416K, reserved 1099776K
  class space    used 8008K, capacity 9732K, committed 9768K, reserved 1048576K
}
Event: 37.668 GC heap before
{Heap before GC invocations=114 (full 3):
 PSYoungGen      total 677376K, used 658336K [0x00000000d5580000, 0x0000000100000000, 0x0000000100000000)
  eden space 655360K, 100% used [0x00000000d5580000,0x00000000fd580000,0x00000000fd580000)
  from space 22016K, 13% used [0x00000000fea80000,0x00000000fed68000,0x0000000100000000)
  to   space 21504K, 0% used [0x00000000fd580000,0x00000000fd580000,0x00000000fea80000)
 ParOldGen       total 1398272K, used 220068K [0x0000000080000000, 0x00000000d5580000, 0x00000000d5580000)
  object space 1398272K, 15% used [0x0000000080000000,0x000000008d6e9058,0x00000000d5580000)
 Metaspace       used 52528K, capacity 59304K, committed 59416K, reserved 1099776K
  class space    used 8008K, capacity 9732K, committed 9768K, reserved 1048576K
Event: 37.673 GC heap after
Heap after GC invocations=114 (full 3):
 PSYoungGen      total 676864K, used 3232K [0x00000000d5580000, 0x0000000100000000, 0x0000000100000000)
  eden space 655360K, 0% used [0x00000000d5580000,0x00000000d5580000,0x00000000fd580000)
  from space 21504K, 15% used [0x00000000fd580000,0x00000000fd8a8000,0x00000000fea80000)
  to   space 20992K, 0% used [0x00000000feb80000,0x00000000feb80000,0x0000000100000000)
 ParOldGen       total 1398272K, used 220204K [0x0000000080000000, 0x00000000d5580000, 0x00000000d5580000)
  object space 1398272K, 15% used [0x0000000080000000,0x000000008d70b058,0x00000000d5580000)
 Metaspace       used 52528K, capacity 59304K, committed 59416K, reserved 1099776K
  class space    used 8008K, capacity 9732K, committed 9768K, reserved 1048576K
}
Event: 37.977 GC heap before
{Heap before GC invocations=115 (full 3):
 PSYoungGen      total 676864K, used 658592K [0x00000000d5580000, 0x0000000100000000, 0x0000000100000000)
  eden space 655360K, 100% used [0x00000000d5580000,0x00000000fd580000,0x00000000fd580000)
  from space 21504K, 15% used [0x00000000fd580000,0x00000000fd8a8000,0x00000000fea80000)
  to   space 20992K, 0% used [0x00000000feb80000,0x00000000feb80000,0x0000000100000000)
 ParOldGen       total 1398272K, used 220204K [0x0000000080000000, 0x00000000d5580000, 0x00000000d5580000)
  object space 1398272K, 15% used [0x0000000080000000,0x000000008d70b058,0x00000000d5580000)
 Metaspace       used 52568K, capacity 59382K, committed 59416K, reserved 1099776K
  class space    used 8012K, capacity 9735K, committed 9768K, reserved 1048576K
Event: 37.982 GC heap after
Heap after GC invocations=115 (full 3):
 PSYoungGen      total 678400K, used 3552K [0x00000000d5580000, 0x0000000100000000, 0x0000000100000000)
  eden space 657408K, 0% used [0x00000000d5580000,0x00000000d5580000,0x00000000fd780000)
  from space 20992K, 16% used [0x00000000feb80000,0x00000000feef8000,0x0000000100000000)
  to   space 20480K, 0% used [0x00000000fd780000,0x00000000fd780000,0x00000000feb80000)
 ParOldGen       total 1398272K, used 220396K [0x0000000080000000, 0x00000000d5580000, 0x00000000d5580000)
  object space 1398272K, 15% used [0x0000000080000000,0x000000008d73b058,0x00000000d5580000)
 Metaspace       used 52568K, capacity 59382K, committed 59416K, reserved 1099776K
  class space    used 8012K, capacity 9735K, committed 9768K, reserved 1048576K
}
Event: 38.372 GC heap before
{Heap before GC invocations=116 (full 3):
 PSYoungGen      total 678400K, used 660960K [0x00000000d5580000, 0x0000000100000000, 0x0000000100000000)
  eden space 657408K, 100% used [0x00000000d5580000,0x00000000fd780000,0x00000000fd780000)
  from space 20992K, 16% used [0x00000000feb80000,0x00000000feef8000,0x0000000100000000)
  to   space 20480K, 0% used [0x00000000fd780000,0x00000000fd780000,0x00000000feb80000)
 ParOldGen       total 1398272K, used 220396K [0x0000000080000000, 0x00000000d5580000, 0x00000000d5580000)
  object space 1398272K, 15% used [0x0000000080000000,0x000000008d73b058,0x00000000d5580000)
 Metaspace       used 52573K, capacity 59382K, committed 59416K, reserved 1099776K
  class space    used 8012K, capacity 9735K, committed 9768K, reserved 1048576K
Event: 38.379 GC heap after
Heap after GC invocations=116 (full 3):
 PSYoungGen      total 677888K, used 3840K [0x00000000d5580000, 0x0000000100000000, 0x0000000100000000)
  eden space 657408K, 0% used [0x00000000d5580000,0x00000000d5580000,0x00000000fd780000)
  from space 20480K, 18% used [0x00000000fd780000,0x00000000fdb40000,0x00000000feb80000)
  to   space 19456K, 0% used [0x00000000fed00000,0x00000000fed00000,0x0000000100000000)
 ParOldGen       total 1398272K, used 220564K [0x0000000080000000, 0x00000000d5580000, 0x00000000d5580000)
  object space 1398272K, 15% used [0x0000000080000000,0x000000008d765058,0x00000000d5580000)
 Metaspace       used 52573K, capacity 59382K, committed 59416K, reserved 1099776K
  class space    used 8012K, capacity 9735K, committed 9768K, reserved 1048576K
}
Event: 46.343 GC heap before
{Heap before GC invocations=117 (full 3):
 PSYoungGen      total 677888K, used 661248K [0x00000000d5580000, 0x0000000100000000, 0x0000000100000000)
  eden space 657408K, 100% used [0x00000000d5580000,0x00000000fd780000,0x00000000fd780000)
  from space 20480K, 18% used [0x00000000fd780000,0x00000000fdb40000,0x00000000feb80000)
  to   space 19456K, 0% used [0x00000000fed00000,0x00000000fed00000,0x0000000100000000)
 ParOldGen       total 1398272K, used 220564K [0x0000000080000000, 0x00000000d5580000, 0x00000000d5580000)
  object space 1398272K, 15% used [0x0000000080000000,0x000000008d765058,0x00000000d5580000)
 Metaspace       used 56024K, capacity 63440K, committed 63768K, reserved 1101824K
  class space    used 8531K, capacity 10424K, committed 10536K, reserved 1048576K
Event: 46.364 GC heap after
Heap after GC invocations=117 (full 3):
 PSYoungGen      total 676352K, used 14778K [0x00000000d5580000, 0x0000000100000000, 0x0000000100000000)
  eden space 656896K, 0% used [0x00000000d5580000,0x00000000d5580000,0x00000000fd700000)
  from space 19456K, 75% used [0x00000000fed00000,0x00000000ffb6ea98,0x0000000100000000)
  to   space 20992K, 0% used [0x00000000fd700000,0x00000000fd700000,0x00000000feb80000)
 ParOldGen       total 1398272K, used 220732K [0x0000000080000000, 0x00000000d5580000, 0x00000000d5580000)
  object space 1398272K, 15% used [0x0000000080000000,0x000000008d78f058,0x00000000d5580000)
 Metaspace       used 56024K, capacity 63440K, committed 63768K, reserved 1101824K
  class space    used 8531K, capacity 10424K, committed 10536K, reserved 1048576K
}

