# JRE version: Java(TM) SE Runtime Environment (8.0_45-b14) (build 1.8.0_45-b14)
# Java VM: Java HotSpot(TM) 64-Bit Server VM (25.45-b02 mixed mode windows-amd64 compressed oops)
Heap:
 PSYoungGen      total 643072K, used 319460K [0x00000000d5580000, 0x0000000100000000, 0x0000000100000000)
  eden space 587264K, 52% used [0x00000000d5580000,0x00000000e8284978,0x00000000f9300000)
  from space 55808K, 20% used [0x00000000f9300000,0x00000000f9df48a0,0x00000000fc980000)
  to   space 55296K, 0% used [0x00000000fca00000,0x00000000fca00000,0x0000000100000000)
 ParOldGen       total 1398272K, used 241801K [0x0000000080000000, 0x00000000d5580000, 0x00000000d5580000)
  object space 1398272K, 17% used [0x0000000080000000,0x000000008ec226d8,0x00000000d5580000)
 Metaspace       used 56534K, capacity 63775K, committed 64024K, reserved 1103872K
  class space    used 8544K, capacity 10415K, committed 10520K, reserved 1048576K
GC Heap History (10 events):
Event: 47.149 GC heap before
{Heap before GC invocations=110 (full 2):
 PSYoungGen      total 649728K, used 178926K [0x00000000d5580000, 0x0000000100000000, 0x0000000100000000)
  eden space 607744K, 22% used [0x00000000d5580000,0x00000000ddb8d718,0x00000000fa700000)
  from space 41984K, 99% used [0x00000000fa700000,0x00000000fcfae428,0x00000000fd000000)
  to   space 48640K, 0% used [0x00000000fd080000,0x00000000fd080000,0x0000000100000000)
 ParOldGen       total 1398272K, used 257181K [0x0000000080000000, 0x00000000d5580000, 0x00000000d5580000)
  object space 1398272K, 18% used [0x0000000080000000,0x000000008fb274c0,0x00000000d5580000)
 Metaspace       used 52503K, capacity 59109K, committed 59160K, reserved 1099776K
  class space    used 8031K, capacity 9730K, committed 9752K, reserved 1048576K
Event: 47.166 GC heap after
Heap after GC invocations=110 (full 2):
 PSYoungGen      total 646144K, used 40260K [0x00000000d5580000, 0x0000000100000000, 0x0000000100000000)
  eden space 597504K, 0% used [0x00000000d5580000,0x00000000d5580000,0x00000000f9d00000)
  from space 48640K, 82% used [0x00000000fd080000,0x00000000ff7d1200,0x0000000100000000)
  to   space 50688K, 0% used [0x00000000f9d00000,0x00000000f9d00000,0x00000000fce80000)
 ParOldGen       total 1398272K, used 257189K [0x0000000080000000, 0x00000000d5580000, 0x00000000d5580000)
  object space 1398272K, 18% used [0x0000000080000000,0x000000008fb294c0,0x00000000d5580000)
 Metaspace       used 52503K, capacity 59109K, committed 59160K, reserved 1099776K
  class space    used 8031K, capacity 9730K, committed 9752K, reserved 1048576K
}
Event: 47.166 GC heap before
{Heap before GC invocations=111 (full 3):
 PSYoungGen      total 646144K, used 40260K [0x00000000d5580000, 0x0000000100000000, 0x0000000100000000)
  eden space 597504K, 0% used [0x00000000d5580000,0x00000000d5580000,0x00000000f9d00000)
  from space 48640K, 82% used [0x00000000fd080000,0x00000000ff7d1200,0x0000000100000000)
  to   space 50688K, 0% used [0x00000000f9d00000,0x00000000f9d00000,0x00000000fce80000)
 ParOldGen       total 1398272K, used 257189K [0x0000000080000000, 0x00000000d5580000, 0x00000000d5580000)
  object space 1398272K, 18% used [0x0000000080000000,0x000000008fb294c0,0x00000000d5580000)
 Metaspace       used 52503K, capacity 59109K, committed 59160K, reserved 1099776K
  class space    used 8031K, capacity 9730K, committed 9752K, reserved 1048576K
Event: 49.035 GC heap after
Heap after GC invocations=111 (full 3):
 PSYoungGen      total 646144K, used 0K [0x00000000d5580000, 0x0000000100000000, 0x0000000100000000)
  eden space 597504K, 0% used [0x00000000d5580000,0x00000000d5580000,0x00000000f9d00000)
  from space 48640K, 0% used [0x00000000fd080000,0x00000000fd080000,0x0000000100000000)
  to   space 50688K, 0% used [0x00000000f9d00000,0x00000000f9d00000,0x00000000fce80000)
 ParOldGen       total 1398272K, used 241777K [0x0000000080000000, 0x00000000d5580000, 0x00000000d5580000)
  object space 1398272K, 17% used [0x0000000080000000,0x000000008ec1c6d8,0x00000000d5580000)
 Metaspace       used 52500K, capacity 59105K, committed 59160K, reserved 1099776K
  class space    used 8030K, capacity 9728K, committed 9752K, reserved 1048576K
}
Event: 68.342 GC heap before
{Heap before GC invocations=112 (full 3):
 PSYoungGen      total 646144K, used 597504K [0x00000000d5580000, 0x0000000100000000, 0x0000000100000000)
  eden space 597504K, 100% used [0x00000000d5580000,0x00000000f9d00000,0x00000000f9d00000)
  from space 48640K, 0% used [0x00000000fd080000,0x00000000fd080000,0x0000000100000000)
  to   space 50688K, 0% used [0x00000000f9d00000,0x00000000f9d00000,0x00000000fce80000)
 ParOldGen       total 1398272K, used 241777K [0x0000000080000000, 0x00000000d5580000, 0x00000000d5580000)
  object space 1398272K, 17% used [0x0000000080000000,0x000000008ec1c6d8,0x00000000d5580000)
 Metaspace       used 53112K, capacity 59959K, committed 60056K, reserved 1099776K
  class space    used 8072K, capacity 9803K, committed 9880K, reserved 1048576K
Event: 68.348 GC heap after
Heap after GC invocations=112 (full 3):
 PSYoungGen      total 599552K, used 1664K [0x00000000d5580000, 0x0000000100000000, 0x0000000100000000)
  eden space 597504K, 0% used [0x00000000d5580000,0x00000000d5580000,0x00000000f9d00000)
  from space 2048K, 81% used [0x00000000f9d00000,0x00000000f9ea0078,0x00000000f9f00000)
  to   space 53760K, 0% used [0x00000000fcb80000,0x00000000fcb80000,0x0000000100000000)
 ParOldGen       total 1398272K, used 241785K [0x0000000080000000, 0x00000000d5580000, 0x00000000d5580000)
  object space 1398272K, 17% used [0x0000000080000000,0x000000008ec1e6d8,0x00000000d5580000)
 Metaspace       used 53112K, capacity 59959K, committed 60056K, reserved 1099776K
  class space    used 8072K, capacity 9803K, committed 9880K, reserved 1048576K
}
Event: 436.363 GC heap before
{Heap before GC invocations=113 (full 3):
 PSYoungGen      total 599552K, used 599168K [0x00000000d5580000, 0x0000000100000000, 0x0000000100000000)
  eden space 597504K, 100% used [0x00000000d5580000,0x00000000f9d00000,0x00000000f9d00000)
  from space 2048K, 81% used [0x00000000f9d00000,0x00000000f9ea0078,0x00000000f9f00000)
  to   space 53760K, 0% used [0x00000000fcb80000,0x00000000fcb80000,0x0000000100000000)
 ParOldGen       total 1398272K, used 241785K [0x0000000080000000, 0x00000000d5580000, 0x00000000d5580000)
  object space 1398272K, 17% used [0x0000000080000000,0x000000008ec1e6d8,0x00000000d5580000)
 Metaspace       used 53660K, capacity 60539K, committed 60824K, reserved 1099776K
  class space    used 8122K, capacity 9843K, committed 9880K, reserved 1048576K
Event: 436.374 GC heap after
Heap after GC invocations=113 (full 3):
 PSYoungGen      total 641024K, used 2002K [0x00000000d5580000, 0x0000000100000000, 0x0000000100000000)
  eden space 587264K, 0% used [0x00000000d5580000,0x00000000d5580000,0x00000000f9300000)
  from space 53760K, 3% used [0x00000000fcb80000,0x00000000fcd74b20,0x0000000100000000)
  to   space 55808K, 0% used [0x00000000f9300000,0x00000000f9300000,0x00000000fc980000)
 ParOldGen       total 1398272K, used 241793K [0x0000000080000000, 0x00000000d5580000, 0x00000000d5580000)
  object space 1398272K, 17% used [0x0000000080000000,0x000000008ec206d8,0x00000000d5580000)
 Metaspace       used 53660K, capacity 60539K, committed 60824K, reserved 1099776K
  class space    used 8122K, capacity 9843K, committed 9880K, reserved 1048576K
}
Event: 559.737 GC heap before
{Heap before GC invocations=114 (full 3):
 PSYoungGen      total 641024K, used 589266K [0x00000000d5580000, 0x0000000100000000, 0x0000000100000000)
  eden space 587264K, 100% used [0x00000000d5580000,0x00000000f9300000,0x00000000f9300000)
  from space 53760K, 3% used [0x00000000fcb80000,0x00000000fcd74b20,0x0000000100000000)
  to   space 55808K, 0% used [0x00000000f9300000,0x00000000f9300000,0x00000000fc980000)
 ParOldGen       total 1398272K, used 241793K [0x0000000080000000, 0x00000000d5580000, 0x00000000d5580000)
  object space 1398272K, 17% used [0x0000000080000000,0x000000008ec206d8,0x00000000d5580000)
 Metaspace       used 56440K, capacity 63685K, committed 64024K, reserved 1103872K
  class space    used 8536K, capacity 10410K, committed 10520K, reserved 1048576K
Event: 559.750 GC heap after
Heap after GC invocations=114 (full 3):
 PSYoungGen      total 643072K, used 11218K [0x00000000d5580000, 0x0000000100000000, 0x0000000100000000)
  eden space 587264K, 0% used [0x00000000d5580000,0x00000000d5580000,0x00000000f9300000)
  from space 55808K, 20% used [0x00000000f9300000,0x00000000f9df48a0,0x00000000fc980000)
  to   space 55296K, 0% used [0x00000000fca00000,0x00000000fca00000,0x0000000100000000)
 ParOldGen       total 1398272K, used 241801K [0x0000000080000000, 0x00000000d5580000, 0x00000000d5580000)
  object space 1398272K, 17% used [0x0000000080000000,0x000000008ec226d8,0x00000000d5580000)
 Metaspace       used 56440K, capacity 63685K, committed 64024K, reserved 1103872K
  class space    used 8536K, capacity 10410K, committed 10520K, reserved 1048576K
}

