# JRE version: Java(TM) SE Runtime Environment (8.0_45-b14) (build 1.8.0_45-b14)
# Java VM: Java HotSpot(TM) 64-Bit Server VM (25.45-b02 mixed mode windows-amd64 compressed oops)
Heap:
 PSYoungGen      total 331776K, used 56171K [0x00000000eab00000, 0x0000000100000000, 0x0000000100000000)
  eden space 313344K, 16% used [0x00000000eab00000,0x00000000ede16cb0,0x00000000fdd00000)
  from space 18432K, 20% used [0x00000000fee00000,0x00000000ff1c4150,0x0000000100000000)
  to   space 17408K, 0% used [0x00000000fdd00000,0x00000000fdd00000,0x00000000fee00000)
 ParOldGen       total 699392K, used 254382K [0x00000000c0000000, 0x00000000eab00000, 0x00000000eab00000)
  object space 699392K, 36% used [0x00000000c0000000,0x00000000cf86b920,0x00000000eab00000)
 Metaspace       used 57597K, capacity 65281K, committed 65432K, reserved 1103872K
  class space    used 8645K, capacity 10544K, committed 10664K, reserved 1048576K
GC Heap History (10 events):
Event: 437.470 GC heap before
{Heap before GC invocations=253 (full 3):
 PSYoungGen      total 326656K, used 308592K [0x00000000eab00000, 0x0000000100000000, 0x0000000100000000)
  eden space 304640K, 100% used [0x00000000eab00000,0x00000000fd480000,0x00000000fd480000)
  from space 22016K, 17% used [0x00000000fd480000,0x00000000fd85c148,0x00000000fea00000)
  to   space 20992K, 0% used [0x00000000feb80000,0x00000000feb80000,0x0000000100000000)
 ParOldGen       total 699392K, used 253858K [0x00000000c0000000, 0x00000000eab00000, 0x00000000eab00000)
  object space 699392K, 36% used [0x00000000c0000000,0x00000000cf7e88e0,0x00000000eab00000)
 Metaspace       used 57567K, capacity 65257K, committed 65432K, reserved 1103872K
  class space    used 8644K, capacity 10542K, committed 10664K, reserved 1048576K
Event: 437.475 GC heap after
Heap after GC invocations=253 (full 3):
 PSYoungGen      total 328704K, used 4032K [0x00000000eab00000, 0x0000000100000000, 0x0000000100000000)
  eden space 307712K, 0% used [0x00000000eab00000,0x00000000eab00000,0x00000000fd780000)
  from space 20992K, 19% used [0x00000000feb80000,0x00000000fef701a8,0x0000000100000000)
  to   space 20480K, 0% used [0x00000000fd780000,0x00000000fd780000,0x00000000feb80000)
 ParOldGen       total 699392K, used 253970K [0x00000000c0000000, 0x00000000eab00000, 0x00000000eab00000)
  object space 699392K, 36% used [0x00000000c0000000,0x00000000cf8048f0,0x00000000eab00000)
 Metaspace       used 57567K, capacity 65257K, committed 65432K, reserved 1103872K
  class space    used 8644K, capacity 10542K, committed 10664K, reserved 1048576K
}
Event: 444.263 GC heap before
{Heap before GC invocations=254 (full 3):
 PSYoungGen      total 328704K, used 311744K [0x00000000eab00000, 0x0000000100000000, 0x0000000100000000)
  eden space 307712K, 100% used [0x00000000eab00000,0x00000000fd780000,0x00000000fd780000)
  from space 20992K, 19% used [0x00000000feb80000,0x00000000fef701a8,0x0000000100000000)
  to   space 20480K, 0% used [0x00000000fd780000,0x00000000fd780000,0x00000000feb80000)
 ParOldGen       total 699392K, used 253970K [0x00000000c0000000, 0x00000000eab00000, 0x00000000eab00000)
  object space 699392K, 36% used [0x00000000c0000000,0x00000000cf8048f0,0x00000000eab00000)
 Metaspace       used 57574K, capacity 65261K, committed 65432K, reserved 1103872K
  class space    used 8644K, capacity 10542K, committed 10664K, reserved 1048576K
Event: 444.269 GC heap after
Heap after GC invocations=254 (full 3):
 PSYoungGen      total 328192K, used 3904K [0x00000000eab00000, 0x0000000100000000, 0x0000000100000000)
  eden space 307712K, 0% used [0x00000000eab00000,0x00000000eab00000,0x00000000fd780000)
  from space 20480K, 19% used [0x00000000fd780000,0x00000000fdb50140,0x00000000feb80000)
  to   space 19968K, 0% used [0x00000000fec80000,0x00000000fec80000,0x0000000100000000)
 ParOldGen       total 699392K, used 254074K [0x00000000c0000000, 0x00000000eab00000, 0x00000000eab00000)
  object space 699392K, 36% used [0x00000000c0000000,0x00000000cf81e8f0,0x00000000eab00000)
 Metaspace       used 57574K, capacity 65261K, committed 65432K, reserved 1103872K
  class space    used 8644K, capacity 10542K, committed 10664K, reserved 1048576K
}
Event: 450.628 GC heap before
{Heap before GC invocations=255 (full 3):
 PSYoungGen      total 328192K, used 311616K [0x00000000eab00000, 0x0000000100000000, 0x0000000100000000)
  eden space 307712K, 100% used [0x00000000eab00000,0x00000000fd780000,0x00000000fd780000)
  from space 20480K, 19% used [0x00000000fd780000,0x00000000fdb50140,0x00000000feb80000)
  to   space 19968K, 0% used [0x00000000fec80000,0x00000000fec80000,0x0000000100000000)
 ParOldGen       total 699392K, used 254074K [0x00000000c0000000, 0x00000000eab00000, 0x00000000eab00000)
  object space 699392K, 36% used [0x00000000c0000000,0x00000000cf81e8f0,0x00000000eab00000)
 Metaspace       used 57582K, capacity 65261K, committed 65432K, reserved 1103872K
  class space    used 8644K, capacity 10542K, committed 10664K, reserved 1048576K
Event: 450.635 GC heap after
Heap after GC invocations=255 (full 3):
 PSYoungGen      total 330240K, used 3856K [0x00000000eab00000, 0x0000000100000000, 0x0000000100000000)
  eden space 310272K, 0% used [0x00000000eab00000,0x00000000eab00000,0x00000000fda00000)
  from space 19968K, 19% used [0x00000000fec80000,0x00000000ff044178,0x0000000100000000)
  to   space 18944K, 0% used [0x00000000fda00000,0x00000000fda00000,0x00000000fec80000)
 ParOldGen       total 699392K, used 254170K [0x00000000c0000000, 0x00000000eab00000, 0x00000000eab00000)
  object space 699392K, 36% used [0x00000000c0000000,0x00000000cf8368f0,0x00000000eab00000)
 Metaspace       used 57582K, capacity 65261K, committed 65432K, reserved 1103872K
  class space    used 8644K, capacity 10542K, committed 10664K, reserved 1048576K
}
Event: 457.364 GC heap before
{Heap before GC invocations=256 (full 3):
 PSYoungGen      total 330240K, used 314128K [0x00000000eab00000, 0x0000000100000000, 0x0000000100000000)
  eden space 310272K, 100% used [0x00000000eab00000,0x00000000fda00000,0x00000000fda00000)
  from space 19968K, 19% used [0x00000000fec80000,0x00000000ff044178,0x0000000100000000)
  to   space 18944K, 0% used [0x00000000fda00000,0x00000000fda00000,0x00000000fec80000)
 ParOldGen       total 699392K, used 254170K [0x00000000c0000000, 0x00000000eab00000, 0x00000000eab00000)
  object space 699392K, 36% used [0x00000000c0000000,0x00000000cf8368f0,0x00000000eab00000)
 Metaspace       used 57586K, capacity 65269K, committed 65432K, reserved 1103872K
  class space    used 8644K, capacity 10542K, committed 10664K, reserved 1048576K
Event: 457.368 GC heap after
Heap after GC invocations=256 (full 3):
 PSYoungGen      total 329216K, used 3824K [0x00000000eab00000, 0x0000000100000000, 0x0000000100000000)
  eden space 310272K, 0% used [0x00000000eab00000,0x00000000eab00000,0x00000000fda00000)
  from space 18944K, 20% used [0x00000000fda00000,0x00000000fddbc160,0x00000000fec80000)
  to   space 18432K, 0% used [0x00000000fee00000,0x00000000fee00000,0x0000000100000000)
 ParOldGen       total 699392K, used 254258K [0x00000000c0000000, 0x00000000eab00000, 0x00000000eab00000)
  object space 699392K, 36% used [0x00000000c0000000,0x00000000cf84c8f0,0x00000000eab00000)
 Metaspace       used 57586K, capacity 65269K, committed 65432K, reserved 1103872K
  class space    used 8644K, capacity 10542K, committed 10664K, reserved 1048576K
}
Event: 464.266 GC heap before
{Heap before GC invocations=257 (full 3):
 PSYoungGen      total 329216K, used 314096K [0x00000000eab00000, 0x0000000100000000, 0x0000000100000000)
  eden space 310272K, 100% used [0x00000000eab00000,0x00000000fda00000,0x00000000fda00000)
  from space 18944K, 20% used [0x00000000fda00000,0x00000000fddbc160,0x00000000fec80000)
  to   space 18432K, 0% used [0x00000000fee00000,0x00000000fee00000,0x0000000100000000)
 ParOldGen       total 699392K, used 254258K [0x00000000c0000000, 0x00000000eab00000, 0x00000000eab00000)
  object space 699392K, 36% used [0x00000000c0000000,0x00000000cf84c8f0,0x00000000eab00000)
 Metaspace       used 57593K, capacity 65269K, committed 65432K, reserved 1103872K
  class space    used 8644K, capacity 10542K, committed 10664K, reserved 1048576K
Event: 464.272 GC heap after
Heap after GC invocations=257 (full 3):
 PSYoungGen      total 331776K, used 3856K [0x00000000eab00000, 0x0000000100000000, 0x0000000100000000)
  eden space 313344K, 0% used [0x00000000eab00000,0x00000000eab00000,0x00000000fdd00000)
  from space 18432K, 20% used [0x00000000fee00000,0x00000000ff1c4150,0x0000000100000000)
  to   space 17408K, 0% used [0x00000000fdd00000,0x00000000fdd00000,0x00000000fee00000)
 ParOldGen       total 699392K, used 254382K [0x00000000c0000000, 0x00000000eab00000, 0x00000000eab00000)
  object space 699392K, 36% used [0x00000000c0000000,0x00000000cf86b920,0x00000000eab00000)
 Metaspace       used 57593K, capacity 65269K, committed 65432K, reserved 1103872K
  class space    used 8644K, capacity 10542K, committed 10664K, reserved 1048576K
}

